Test message sent!
Condition B is triggering the API call
API Called at 16:25:00 on Tuesday
Current AQI: 60, Prior AQI: 107, Category:moderate 
Traceback (most recent call last):
  File "/home/soonly/Codes/air-quality/bot.py", line 490, in <module>
    air_quality_bot.main()
  File "/home/soonly/Codes/air-quality/bot.py", line 480, in main
    time.sleep(65)
KeyboardInterrupt
Test message sent!
Condition B is triggering the API call
API Called at 16:30:00 on Tuesday
Current AQI: 60, Prior AQI: 107, Category:moderate 
Condition B is triggering the API call
API Called at 16:35:00 on Tuesday
Current AQI: 60, Prior AQI: 107, Category:moderate 
Condition B is triggering the API call
API Called at 16:40:00 on Tuesday
Current AQI: 60, Prior AQI: 107, Category:moderate 
Condition B is triggering the API call
API Called at 16:45:00 on Tuesday
Current AQI: 60, Prior AQI: 107, Category:moderate 
Condition B is triggering the API call
API Called at 16:50:00 on Tuesday
Current AQI: 60, Prior AQI: 107, Category:moderate 
Condition B is triggering the API call
API Called at 16:55:00 on Tuesday
Current AQI: 60, Prior AQI: 107, Category:moderate 
Condition B is triggering the API call
API Called at 17:00:00 on Tuesday
Current AQI: 60, Prior AQI: 107, Category:moderate 
update() called
Image sent
Text sent
Condition B is triggering the API call
API Called at 17:05:00 on Tuesday
Current AQI: 60, Prior AQI: 60, Category:moderate 
Condition B is triggering the API call
API Called at 17:10:00 on Tuesday
Current AQI: 63, Prior AQI: 60, Category:moderate 
Condition B is triggering the API call
API Called at 17:15:00 on Tuesday
Current AQI: 68, Prior AQI: 60, Category:moderate 
Condition B is triggering the API call
API Called at 17:20:00 on Tuesday
Current AQI: 68, Prior AQI: 60, Category:moderate 
Condition B is triggering the API call
API Called at 17:25:00 on Tuesday
Current AQI: 68, Prior AQI: 60, Category:moderate 
Condition B is triggering the API call
API Called at 17:30:00 on Tuesday
Current AQI: 68, Prior AQI: 60, Category:moderate 
Condition B is triggering the API call
API Called at 17:35:00 on Tuesday
Current AQI: 68, Prior AQI: 60, Category:moderate 
Condition B is triggering the API call
API Called at 17:40:00 on Tuesday
Current AQI: 68, Prior AQI: 60, Category:moderate 
Condition B is triggering the API call
API Called at 17:45:00 on Tuesday
Current AQI: 68, Prior AQI: 60, Category:moderate 
Condition B is triggering the API call
API Called at 17:50:00 on Tuesday
Current AQI: 68, Prior AQI: 60, Category:moderate 
Condition B is triggering the API call
API Called at 17:55:00 on Tuesday
Current AQI: 68, Prior AQI: 60, Category:moderate 
Condition B is triggering the API call
API Called at 18:00:00 on Tuesday
Current AQI: 68, Prior AQI: 60, Category:moderate 
update() called
Image sent
Text sent
Condition B is triggering the API call
API Called at 18:05:00 on Tuesday
Current AQI: 68, Prior AQI: 68, Category:moderate 
Condition B is triggering the API call
API Called at 18:10:00 on Tuesday
Current AQI: 74, Prior AQI: 68, Category:moderate 
Condition B is triggering the API call
API Called at 18:15:00 on Tuesday
Current AQI: 73, Prior AQI: 68, Category:moderate 
Condition B is triggering the API call
API Called at 18:20:00 on Tuesday
Current AQI: 73, Prior AQI: 68, Category:moderate 
Condition B is triggering the API call
API Called at 18:25:00 on Tuesday
Current AQI: 73, Prior AQI: 68, Category:moderate 
Condition B is triggering the API call
API Called at 18:30:00 on Tuesday
Current AQI: 73, Prior AQI: 68, Category:moderate 
Condition B is triggering the API call
API Called at 18:35:00 on Tuesday
Current AQI: 73, Prior AQI: 68, Category:moderate 
Condition B is triggering the API call
API Called at 18:40:00 on Tuesday
Current AQI: 73, Prior AQI: 68, Category:moderate 
Condition B is triggering the API call
API Called at 18:45:00 on Tuesday
Current AQI: 73, Prior AQI: 68, Category:moderate 
Condition B is triggering the API call
API Called at 18:50:00 on Tuesday
Current AQI: 73, Prior AQI: 68, Category:moderate 
Condition B is triggering the API call
API Called at 18:55:00 on Tuesday
Current AQI: 73, Prior AQI: 68, Category:moderate 
Condition B is triggering the API call
API Called at 19:00:00 on Tuesday
Current AQI: 73, Prior AQI: 68, Category:moderate 
update() called
Image sent
Text sent
Condition B is triggering the API call
API Called at 19:05:00 on Tuesday
Current AQI: 73, Prior AQI: 73, Category:moderate 
Condition B is triggering the API call
API Called at 19:10:00 on Tuesday
Current AQI: 73, Prior AQI: 73, Category:moderate 
Condition B is triggering the API call
API Called at 19:15:00 on Tuesday
Current AQI: 73, Prior AQI: 73, Category:moderate 
Condition B is triggering the API call
API Called at 19:20:00 on Tuesday
Current AQI: 73, Prior AQI: 73, Category:moderate 
Condition B is triggering the API call
API Called at 19:25:00 on Tuesday
Current AQI: 73, Prior AQI: 73, Category:moderate 
Condition B is triggering the API call
API Called at 19:30:00 on Tuesday
Current AQI: 73, Prior AQI: 73, Category:moderate 
Condition B is triggering the API call
API Called at 19:35:00 on Tuesday
Current AQI: 73, Prior AQI: 73, Category:moderate 
Condition B is triggering the API call
API Called at 19:40:00 on Tuesday
Current AQI: 73, Prior AQI: 73, Category:moderate 
Condition B is triggering the API call
API Called at 19:45:00 on Tuesday
Current AQI: 73, Prior AQI: 73, Category:moderate 
Condition B is triggering the API call
API Called at 19:50:00 on Tuesday
Current AQI: 73, Prior AQI: 73, Category:moderate 
Condition B is triggering the API call
API Called at 19:55:00 on Tuesday
Current AQI: 73, Prior AQI: 73, Category:moderate 
Condition B is triggering the API call
API Called at 20:00:00 on Tuesday
Current AQI: 73, Prior AQI: 73, Category:moderate 
update() called
Image sent
Text sent
Condition B is triggering the API call
API Called at 20:05:00 on Tuesday
Current AQI: 73, Prior AQI: 73, Category:moderate 
Condition B is triggering the API call
API Called at 20:10:00 on Tuesday
Current AQI: 63, Prior AQI: 73, Category:moderate 
Condition B is triggering the API call
API Called at 20:15:00 on Tuesday
Current AQI: 65, Prior AQI: 73, Category:moderate 
Condition B is triggering the API call
API Called at 20:20:00 on Tuesday
Current AQI: 65, Prior AQI: 73, Category:moderate 
Condition B is triggering the API call
API Called at 20:25:00 on Tuesday
Current AQI: 65, Prior AQI: 73, Category:moderate 
Condition B is triggering the API call
API Called at 20:30:00 on Tuesday
Current AQI: 65, Prior AQI: 73, Category:moderate 
Condition B is triggering the API call
API Called at 20:35:00 on Tuesday
Current AQI: 65, Prior AQI: 73, Category:moderate 
Condition B is triggering the API call
API Called at 20:40:00 on Tuesday
Current AQI: 65, Prior AQI: 73, Category:moderate 
Condition B is triggering the API call
API Called at 20:45:00 on Tuesday
Current AQI: 65, Prior AQI: 73, Category:moderate 
Condition B is triggering the API call
API Called at 20:50:00 on Tuesday
Current AQI: 65, Prior AQI: 73, Category:moderate 
Condition B is triggering the API call
API Called at 20:55:00 on Tuesday
Current AQI: 65, Prior AQI: 73, Category:moderate 
Condition B is triggering the API call
API Called at 21:00:00 on Tuesday
Current AQI: 65, Prior AQI: 73, Category:moderate 
update() called
Image sent
Text sent
Condition C is triggering the goodbye call
API Called at 21:00:00 on Tuesday
{'en': "🌙 It's currently 21:00 and it's time for me to sign off. 💤 I will see you again tomorrow at 6 onwards to give you more updates on the air quality. 🌍 This has been intell1slt_bot at your service. 🌟 Good night! 🌌", 'kh': '🌙 បច្ចុប្បន្ននេះម៉ោង 21:00 ហើយបានដល់ពេលដែលខ្ញុំត្រូវបញ្ចប់សេវាកម្មថ្ងៃនេះ។ 💤 ខ្ញុំនឹងជួបអ្នកវិញនៅថ្ងៃស្អែកចាប់ពីម៉ោង 6 ដើម្បីផ្តល់ព័ត៌មានថ្មីៗអំពីគុណភាពខ្យល់។ 🌍 នេះគឺជា\u200b intell1slt_bot ដែលបានបម្រើសេវាកម្មសម្រាប់លោកអ្នក។ 🌟 សុបិន្តល្អ! 🌌', 'jp': '🌙 こんばんは、みなさん！今は21:00になりましたので、今日はこれでおやすみします。 💤 明日の朝6時から、また空気の質に関する情報をお届けします。 🌍 これまでお付き合いいただきありがとうございました。intell1slt_botより、良い夜をお過ごしください。 🌟 おやすみなさい！ 🌌', 'de': '🌙 Es ist jetzt 21:00 Uhr und Zeit für mich, mich für heute zu verabschieden. 💤 Ich bin morgen ab 6 Uhr wieder da, um Ihnen weitere Updates zur Luftqualität zu geben. 🌍 Dies war intell1slt_bot, zu Ihren Diensten. 🌟 Gute Nacht! 🌌'}
Text sent
Condition A is triggering the API call
API Called at 06:00:00 on Wednesday
Image sent
Text sent
Condition B is triggering the API call
API Called at 06:05:00 on Wednesday
Current AQI: 73, Prior AQI: 65, Category:moderate 
Condition B is triggering the API call
API Called at 06:10:00 on Wednesday
Current AQI: 69, Prior AQI: 65, Category:moderate 
Condition B is triggering the API call
API Called at 06:15:00 on Wednesday
Current AQI: 73, Prior AQI: 65, Category:moderate 
Condition B is triggering the API call
API Called at 06:20:00 on Wednesday
Current AQI: 73, Prior AQI: 65, Category:moderate 
Condition B is triggering the API call
API Called at 06:25:00 on Wednesday
Current AQI: 73, Prior AQI: 65, Category:moderate 
Condition B is triggering the API call
API Called at 06:30:00 on Wednesday
Current AQI: 73, Prior AQI: 65, Category:moderate 
Condition B is triggering the API call
API Called at 06:35:00 on Wednesday
Current AQI: 73, Prior AQI: 65, Category:moderate 
Condition B is triggering the API call
API Called at 06:40:00 on Wednesday
Current AQI: 73, Prior AQI: 65, Category:moderate 
Condition B is triggering the API call
API Called at 06:45:00 on Wednesday
Current AQI: 73, Prior AQI: 65, Category:moderate 
Condition B is triggering the API call
API Called at 06:50:00 on Wednesday
Current AQI: 73, Prior AQI: 65, Category:moderate 
Condition B is triggering the API call
API Called at 06:55:00 on Wednesday
Current AQI: 73, Prior AQI: 65, Category:moderate 
Condition B is triggering the API call
API Called at 07:00:00 on Wednesday
Current AQI: 73, Prior AQI: 65, Category:moderate 
update() called
Image sent
Text sent
Condition B is triggering the API call
API Called at 07:05:00 on Wednesday
Current AQI: 73, Prior AQI: 73, Category:moderate 
Condition B is triggering the API call
API Called at 07:10:00 on Wednesday
Current AQI: 67, Prior AQI: 73, Category:moderate 
Condition B is triggering the API call
API Called at 07:15:00 on Wednesday
Current AQI: 68, Prior AQI: 73, Category:moderate 
Condition B is triggering the API call
API Called at 07:20:00 on Wednesday
Current AQI: 68, Prior AQI: 73, Category:moderate 
Condition B is triggering the API call
API Called at 07:25:00 on Wednesday
Current AQI: 68, Prior AQI: 73, Category:moderate 
Condition B is triggering the API call
API Called at 07:30:00 on Wednesday
Current AQI: 68, Prior AQI: 73, Category:moderate 
Condition B is triggering the API call
API Called at 07:35:00 on Wednesday
Current AQI: 68, Prior AQI: 73, Category:moderate 
Condition B is triggering the API call
API Called at 07:40:00 on Wednesday
Current AQI: 68, Prior AQI: 73, Category:moderate 
Condition B is triggering the API call
API Called at 07:45:00 on Wednesday
Current AQI: 68, Prior AQI: 73, Category:moderate 
Condition B is triggering the API call
API Called at 07:50:00 on Wednesday
Current AQI: 68, Prior AQI: 73, Category:moderate 
Condition B is triggering the API call
API Called at 07:55:00 on Wednesday
Current AQI: 68, Prior AQI: 73, Category:moderate 
Condition B is triggering the API call
API Called at 08:00:00 on Wednesday
Current AQI: 68, Prior AQI: 73, Category:moderate 
update() called
Image sent
Text sent
Condition B is triggering the API call
API Called at 08:05:00 on Wednesday
Current AQI: 68, Prior AQI: 68, Category:moderate 
Condition B is triggering the API call
API Called at 08:10:00 on Wednesday
Current AQI: 77, Prior AQI: 68, Category:moderate 
Condition B is triggering the API call
API Called at 08:15:00 on Wednesday
Current AQI: 78, Prior AQI: 68, Category:moderate 
Condition B is triggering the API call
API Called at 08:20:00 on Wednesday
Current AQI: 78, Prior AQI: 68, Category:moderate 
Condition B is triggering the API call
API Called at 08:25:00 on Wednesday
Current AQI: 78, Prior AQI: 68, Category:moderate 
Condition B is triggering the API call
API Called at 08:30:00 on Wednesday
Current AQI: 78, Prior AQI: 68, Category:moderate 
Condition B is triggering the API call
API Called at 08:35:00 on Wednesday
Current AQI: 78, Prior AQI: 68, Category:moderate 
Condition B is triggering the API call
API Called at 08:40:00 on Wednesday
Current AQI: 78, Prior AQI: 68, Category:moderate 
Condition B is triggering the API call
API Called at 08:45:00 on Wednesday
Current AQI: 78, Prior AQI: 68, Category:moderate 
Condition B is triggering the API call
API Called at 08:50:00 on Wednesday
Current AQI: 78, Prior AQI: 68, Category:moderate 
Condition B is triggering the API call
API Called at 08:55:00 on Wednesday
Current AQI: 78, Prior AQI: 68, Category:moderate 
Condition B is triggering the API call
API Called at 09:00:00 on Wednesday
Current AQI: 78, Prior AQI: 68, Category:moderate 
update() called
Image sent
Text sent
Condition B is triggering the API call
API Called at 09:05:00 on Wednesday
Current AQI: 78, Prior AQI: 78, Category:moderate 
Condition B is triggering the API call
API Called at 09:10:00 on Wednesday
Current AQI: 70, Prior AQI: 78, Category:moderate 
Condition B is triggering the API call
API Called at 09:15:00 on Wednesday
Current AQI: 70, Prior AQI: 78, Category:moderate 
Condition B is triggering the API call
API Called at 09:20:00 on Wednesday
Current AQI: 72, Prior AQI: 78, Category:moderate 
Condition B is triggering the API call
API Called at 09:25:00 on Wednesday
Current AQI: 72, Prior AQI: 78, Category:moderate 
Condition B is triggering the API call
API Called at 09:30:00 on Wednesday
Current AQI: 72, Prior AQI: 78, Category:moderate 
Condition B is triggering the API call
API Called at 09:35:00 on Wednesday
Current AQI: 72, Prior AQI: 78, Category:moderate 
Condition B is triggering the API call
API Called at 09:40:00 on Wednesday
Current AQI: 72, Prior AQI: 78, Category:moderate 
Condition B is triggering the API call
API Called at 09:45:00 on Wednesday
Current AQI: 72, Prior AQI: 78, Category:moderate 
Condition B is triggering the API call
API Called at 09:50:00 on Wednesday
Current AQI: 72, Prior AQI: 78, Category:moderate 
Condition B is triggering the API call
API Called at 09:55:00 on Wednesday
Current AQI: 72, Prior AQI: 78, Category:moderate 
Condition B is triggering the API call
API Called at 10:00:00 on Wednesday
Current AQI: 72, Prior AQI: 78, Category:moderate 
update() called
Image sent
Text sent
Condition B is triggering the API call
API Called at 10:05:00 on Wednesday
Current AQI: 72, Prior AQI: 72, Category:moderate 
Condition B is triggering the API call
API Called at 10:10:00 on Wednesday
Current AQI: 60, Prior AQI: 72, Category:moderate 
Condition B is triggering the API call
API Called at 10:15:00 on Wednesday
Current AQI: 60, Prior AQI: 72, Category:moderate 
Condition B is triggering the API call
API Called at 10:20:00 on Wednesday
Current AQI: 60, Prior AQI: 72, Category:moderate 
Condition B is triggering the API call
API Called at 10:25:00 on Wednesday
Current AQI: 60, Prior AQI: 72, Category:moderate 
Condition B is triggering the API call
API Called at 10:30:00 on Wednesday
Current AQI: 60, Prior AQI: 72, Category:moderate 
Condition B is triggering the API call
API Called at 10:35:00 on Wednesday
Current AQI: 60, Prior AQI: 72, Category:moderate 
Condition B is triggering the API call
API Called at 10:40:00 on Wednesday
Current AQI: 60, Prior AQI: 72, Category:moderate 
Condition B is triggering the API call
API Called at 10:45:00 on Wednesday
Current AQI: 60, Prior AQI: 72, Category:moderate 
Condition B is triggering the API call
API Called at 10:50:00 on Wednesday
Current AQI: 60, Prior AQI: 72, Category:moderate 
Condition B is triggering the API call
API Called at 10:55:00 on Wednesday
Current AQI: 60, Prior AQI: 72, Category:moderate 
Condition B is triggering the API call
API Called at 11:00:00 on Wednesday
Current AQI: 60, Prior AQI: 72, Category:moderate 
update() called
Image sent
Text sent
Condition B is triggering the API call
API Called at 11:05:00 on Wednesday
Current AQI: 60, Prior AQI: 60, Category:moderate 
Condition B is triggering the API call
API Called at 11:10:00 on Wednesday
Current AQI: 49, Prior AQI: 60, Category:good 
Condition B is triggering the API call
API Called at 11:15:00 on Wednesday
Current AQI: 52, Prior AQI: 60, Category:moderate 
Condition B is triggering the API call
API Called at 11:20:00 on Wednesday
Current AQI: 52, Prior AQI: 60, Category:moderate 
Condition B is triggering the API call
API Called at 11:25:00 on Wednesday
Current AQI: 52, Prior AQI: 60, Category:moderate 
Condition B is triggering the API call
API Called at 11:30:00 on Wednesday
Current AQI: 52, Prior AQI: 60, Category:moderate 
Condition B is triggering the API call
API Called at 11:35:00 on Wednesday
Current AQI: 52, Prior AQI: 60, Category:moderate 
Condition B is triggering the API call
API Called at 11:40:00 on Wednesday
Current AQI: 52, Prior AQI: 60, Category:moderate 
Condition B is triggering the API call
API Called at 11:45:00 on Wednesday
Current AQI: 52, Prior AQI: 60, Category:moderate 
Condition B is triggering the API call
API Called at 11:50:00 on Wednesday
Current AQI: 52, Prior AQI: 60, Category:moderate 
Condition B is triggering the API call
API Called at 11:55:00 on Wednesday
Current AQI: 52, Prior AQI: 60, Category:moderate 
Condition B is triggering the API call
API Called at 12:00:00 on Wednesday
Current AQI: 52, Prior AQI: 60, Category:moderate 
update() called
Image sent
Text sent
Condition B is triggering the API call
API Called at 12:05:00 on Wednesday
Current AQI: 52, Prior AQI: 52, Category:moderate 
Condition B is triggering the API call
API Called at 12:10:00 on Wednesday
Current AQI: 44, Prior AQI: 52, Category:good 
Condition B is triggering the API call
API Called at 12:15:00 on Wednesday
Current AQI: 44, Prior AQI: 52, Category:good 
Condition B is triggering the API call
API Called at 12:20:00 on Wednesday
Current AQI: 44, Prior AQI: 52, Category:good 
Condition B is triggering the API call
API Called at 12:25:00 on Wednesday
Current AQI: 44, Prior AQI: 52, Category:good 
Condition B is triggering the API call
API Called at 12:30:00 on Wednesday
Current AQI: 44, Prior AQI: 52, Category:good 
Condition B is triggering the API call
API Called at 12:35:00 on Wednesday
Current AQI: 44, Prior AQI: 52, Category:good 
Condition B is triggering the API call
API Called at 12:40:00 on Wednesday
Current AQI: 44, Prior AQI: 52, Category:good 
Condition B is triggering the API call
API Called at 12:45:00 on Wednesday
Current AQI: 44, Prior AQI: 52, Category:good 
Condition B is triggering the API call
API Called at 12:50:00 on Wednesday
Current AQI: 44, Prior AQI: 52, Category:good 
Condition B is triggering the API call
API Called at 12:55:00 on Wednesday
Current AQI: 44, Prior AQI: 52, Category:good 
Condition B is triggering the API call
API Called at 13:00:00 on Wednesday
Current AQI: 44, Prior AQI: 52, Category:good 
Condition B is triggering the API call
API Called at 13:05:00 on Wednesday
Current AQI: 44, Prior AQI: 52, Category:good 
Condition B is triggering the API call
API Called at 13:10:00 on Wednesday
Current AQI: 43, Prior AQI: 52, Category:good 
Condition B is triggering the API call
API Called at 13:15:00 on Wednesday
Current AQI: 43, Prior AQI: 52, Category:good 
Condition B is triggering the API call
API Called at 13:20:00 on Wednesday
Current AQI: 43, Prior AQI: 52, Category:good 
Condition B is triggering the API call
API Called at 13:25:00 on Wednesday
Current AQI: 43, Prior AQI: 52, Category:good 
Condition B is triggering the API call
API Called at 13:30:00 on Wednesday
Current AQI: 43, Prior AQI: 52, Category:good 
Condition B is triggering the API call
API Called at 13:35:00 on Wednesday
Current AQI: 43, Prior AQI: 52, Category:good 
Condition B is triggering the API call
API Called at 13:40:00 on Wednesday
Current AQI: 43, Prior AQI: 52, Category:good 
Condition B is triggering the API call
API Called at 13:45:00 on Wednesday
Current AQI: 43, Prior AQI: 52, Category:good 
Condition B is triggering the API call
API Called at 13:50:00 on Wednesday
Current AQI: 43, Prior AQI: 52, Category:good 
Condition B is triggering the API call
API Called at 13:55:00 on Wednesday
Current AQI: 43, Prior AQI: 52, Category:good 
Condition B is triggering the API call
API Called at 14:00:00 on Wednesday
Current AQI: 43, Prior AQI: 52, Category:good 
update() called
Image sent
Text sent
Condition B is triggering the API call
API Called at 14:05:00 on Wednesday
Current AQI: 43, Prior AQI: 43, Category:good 
Condition B is triggering the API call
API Called at 14:10:00 on Wednesday
Current AQI: 43, Prior AQI: 43, Category:good 
Condition B is triggering the API call
API Called at 14:15:00 on Wednesday
Current AQI: 43, Prior AQI: 43, Category:good 
Condition B is triggering the API call
API Called at 14:20:00 on Wednesday
Current AQI: 43, Prior AQI: 43, Category:good 
Condition B is triggering the API call
API Called at 14:25:00 on Wednesday
Current AQI: 43, Prior AQI: 43, Category:good 
Condition B is triggering the API call
API Called at 14:30:00 on Wednesday
Current AQI: 43, Prior AQI: 43, Category:good 
Condition B is triggering the API call
API Called at 14:35:00 on Wednesday
Current AQI: 43, Prior AQI: 43, Category:good 
Condition B is triggering the API call
API Called at 14:40:00 on Wednesday
Current AQI: 43, Prior AQI: 43, Category:good 
Condition B is triggering the API call
API Called at 14:45:00 on Wednesday
Current AQI: 43, Prior AQI: 43, Category:good 
Condition B is triggering the API call
API Called at 14:50:00 on Wednesday
Current AQI: 43, Prior AQI: 43, Category:good 
Condition B is triggering the API call
API Called at 14:55:00 on Wednesday
Current AQI: 43, Prior AQI: 43, Category:good 
Condition B is triggering the API call
API Called at 15:00:00 on Wednesday
Current AQI: 43, Prior AQI: 43, Category:good 
Condition B is triggering the API call
API Called at 15:05:00 on Wednesday
Current AQI: 43, Prior AQI: 43, Category:good 
Condition B is triggering the API call
API Called at 15:10:00 on Wednesday
Current AQI: 43, Prior AQI: 43, Category:good 
Condition B is triggering the API call
API Called at 15:15:00 on Wednesday
Current AQI: 43, Prior AQI: 43, Category:good 
Condition B is triggering the API call
API Called at 15:20:00 on Wednesday
Current AQI: 43, Prior AQI: 43, Category:good 
Condition B is triggering the API call
API Called at 15:25:00 on Wednesday
Current AQI: 43, Prior AQI: 43, Category:good 
Condition B is triggering the API call
API Called at 15:30:00 on Wednesday
Current AQI: 43, Prior AQI: 43, Category:good 
Condition B is triggering the API call
API Called at 15:35:00 on Wednesday
Current AQI: 43, Prior AQI: 43, Category:good 
Condition B is triggering the API call
API Called at 15:40:00 on Wednesday
Current AQI: 43, Prior AQI: 43, Category:good 
Condition B is triggering the API call
API Called at 15:45:00 on Wednesday
Current AQI: 43, Prior AQI: 43, Category:good 
Condition B is triggering the API call
API Called at 15:50:00 on Wednesday
Current AQI: 43, Prior AQI: 43, Category:good 
Condition B is triggering the API call
API Called at 15:55:00 on Wednesday
Current AQI: 43, Prior AQI: 43, Category:good 
Condition B is triggering the API call
API Called at 16:00:00 on Wednesday
Current AQI: 43, Prior AQI: 43, Category:good 
update() called
Image sent
Text sent
Condition B is triggering the API call
API Called at 16:05:00 on Wednesday
Current AQI: 43, Prior AQI: 43, Category:good 
Condition B is triggering the API call
API Called at 16:10:00 on Wednesday
Current AQI: 43, Prior AQI: 43, Category:good 
Condition B is triggering the API call
API Called at 16:15:00 on Wednesday
Current AQI: 43, Prior AQI: 43, Category:good 
Condition B is triggering the API call
API Called at 16:20:00 on Wednesday
Current AQI: 43, Prior AQI: 43, Category:good 
Condition B is triggering the API call
API Called at 16:25:00 on Wednesday
Current AQI: 43, Prior AQI: 43, Category:good 
Condition B is triggering the API call
API Called at 16:30:00 on Wednesday
Current AQI: 43, Prior AQI: 43, Category:good 
Condition B is triggering the API call
API Called at 16:35:00 on Wednesday
Current AQI: 43, Prior AQI: 43, Category:good 
Condition B is triggering the API call
API Called at 16:40:00 on Wednesday
Current AQI: 43, Prior AQI: 43, Category:good 
Condition B is triggering the API call
API Called at 16:45:00 on Wednesday
Current AQI: 43, Prior AQI: 43, Category:good 